Source python
Python Version:
Python 3.13.2
Python Executable Location:
/mnt/lustre/home/ludwig/fstrnad80/miniforge3/envs/energy/bin/python
Start python command
[30mFound 1 files!
[30mOpen file: /mnt/lustre/work/ludwig/shared_datasets/CMIP6//downscaling//1.0/MPI-ESM1-2-HR_historical/1980-01-01_2015-01-01_N3//samples_MPI-ESM1-2-HR_historical_1980-01-01_2015-01-01_0.25_log_False_bc.nc
[30mOpen file: /mnt/lustre/work/ludwig/shared_datasets/CMIP6//downscaling//1.0/MPI-ESM1-2-HR_historical/1980-01-01_2015-01-01_N3/obs_MPI-ESM1-2-HR_historical_1980-01-01_2015-01-01_1.0_log_False.nc
[30mLoading toa_incident_solar_radiation from toa_incident_solar_radiation/toa_1980-01-01_2014-12-30_gs0.25_tsteps51132.nc
[30mOpen file: toa_incident_solar_radiation/toa_1980-01-01_2014-12-30_gs0.25_tsteps51132.nc
[30mComputing fsr with grid step 0.25 and time steps 51132
[30mOpen file: ./variable_means//mean_forecast_surface_roughness_Germany_0.25.nc
[30mAdd units m/s to 10m_u_component_of_wind!
[30mAdd units m/s to 10m_v_component_of_wind!
[30mAdd units K to 2m_temperature!
[30mAdd units J m**-2 to surface_solar_radiation_downwards!
[30mAdd units J m**-2 to toa_incident_solar_radiation!
[30mRename 10m_u_component_of_wind to u10!
[30mRename 10m_v_component_of_wind to v10!
[30mRename 2m_temperature to temperature!
[30mRename surface_solar_radiation_downwards to ssrd!
[30mRename toa_incident_solar_radiation to tisr!
[30mRename forecast_surface_roughness to fsr!
[30mComputing capacity factors for offwind
[30mRemove single value dimension dim_0!
[30mRemove single value dimension dim_0!
[30mComputing winter capacity factors for offwind
[30mComputing capacity factors for onwind
[30mRemove single value dimension dim_0!
[30mRemove single value dimension dim_0!
[30mComputing winter capacity factors for onwind
[30mComputing capacity factors for solar
Use influx (ssrd) for direct and diffuse calculation
No albedo or outflux in dataset
Use influx (ssrd) for direct and diffuse calculation
No albedo or outflux in dataset
Use influx (ssrd) for direct and diffuse calculation
No albedo or outflux in dataset
Use influx (ssrd) for direct and diffuse calculation
No albedo or outflux in dataset
[30mRemove single value dimension dim_0!
[30mRemove single value dimension dim_0!
[30mComputing winter capacity factors for solar
[30mComputing winter capacity factors for all sources
[30mStore to /mnt/lustre/home/ludwig/fstrnad80/data/dunkelflauten//Germany/CMIP6/cf/cf_dict_MPI-ESM1-2-HR_historical_0.25_1980-01-01_2015-01-01_bc.npy
[30mTotal size: 
   7.82 GB
[30mOpen file: /mnt/lustre/work/ludwig/shared_datasets/CMIP6//downscaling//1.0/MPI-ESM1-2-HR_historical/1980-01-01_2015-01-01_N3//samples_MPI-ESM1-2-HR_historical_1980-01-01_2015-01-01_0.25_log_False_bc.nc
[30mOpen file: /mnt/lustre/work/ludwig/shared_datasets/CMIP6//downscaling//1.0/MPI-ESM1-2-HR_historical/1980-01-01_2015-01-01_N3/obs_MPI-ESM1-2-HR_historical_1980-01-01_2015-01-01_1.0_log_False.nc
[30mLoading toa_incident_solar_radiation from toa_incident_solar_radiation/toa_1980-01-01_2014-12-30_gs1.0_tsteps12783.nc
[30mOpen file: toa_incident_solar_radiation/toa_1980-01-01_2014-12-30_gs1.0_tsteps12783.nc
[30mComputing fsr with grid step 1.0 and time steps 12783
[30mOpen file: ./variable_means//mean_forecast_surface_roughness_Germany_1.0.nc
[30mAdd units K to 2m_temperature!
[30mAdd units m/s to 10m_u_component_of_wind!
[30mAdd units m/s to 10m_v_component_of_wind!
[30mAdd units J m**-2 to surface_solar_radiation_downwards!
[30mAdd units J m**-2 to toa_incident_solar_radiation!
[30mRename 2m_temperature to temperature!
[30mRename 10m_u_component_of_wind to u10!
[30mRename 10m_v_component_of_wind to v10!
[30mRename surface_solar_radiation_downwards to ssrd!
[30mRename toa_incident_solar_radiation to tisr!
[30mRename forecast_surface_roughness to fsr!
[30mComputing capacity factors for offwind
[30mRemove single value dimension dim_0!
[30mRemove single value dimension dim_0!
[30mComputing winter capacity factors for offwind
[30mComputing capacity factors for onwind
[30mRemove single value dimension dim_0!
[30mRemove single value dimension dim_0!
[30mComputing winter capacity factors for onwind
[30mComputing capacity factors for solar
Use influx (ssrd) for direct and diffuse calculation
No albedo or outflux in dataset
Use influx (ssrd) for direct and diffuse calculation
No albedo or outflux in dataset
Use influx (ssrd) for direct and diffuse calculation
No albedo or outflux in dataset
Use influx (ssrd) for direct and diffuse calculation
No albedo or outflux in dataset
[30mRemove single value dimension dim_0!
[30mRemove single value dimension dim_0!
[30mComputing winter capacity factors for solar
[30mComputing winter capacity factors for all sources
[30mStore to /mnt/lustre/home/ludwig/fstrnad80/data/dunkelflauten//Germany/CMIP6/cf/cf_dict_MPI-ESM1-2-HR_historical_1.0_1980-01-01_2015-01-01.npy
[30mTotal size: 
   126.57 MB
[30mFound 1 files!
[30mOpen file: /mnt/lustre/work/ludwig/shared_datasets/CMIP6//downscaling//1.0/MPI-ESM1-2-HR_ssp245/2020-01-01_2100-01-01_N3//samples_MPI-ESM1-2-HR_ssp245_2020-01-01_2100-01-01_0.25_log_False_bc.nc
[30mOpen file: /mnt/lustre/work/ludwig/shared_datasets/CMIP6//downscaling//1.0/MPI-ESM1-2-HR_ssp245/2020-01-01_2100-01-01_N3/obs_MPI-ESM1-2-HR_ssp245_2020-01-01_2100-01-01_1.0_log_False.nc
[30mLoading toa_incident_solar_radiation from toa_incident_solar_radiation/toa_2020-01-01_2099-12-31_gs0.25_tsteps116880.nc
[30mOpen file: toa_incident_solar_radiation/toa_2020-01-01_2099-12-31_gs0.25_tsteps116880.nc
[30mComputing fsr with grid step 0.25 and time steps 116880
[30mOpen file: ./variable_means//mean_forecast_surface_roughness_Germany_0.25.nc
[30mAdd units m/s to 10m_u_component_of_wind!
[30mAdd units m/s to 10m_v_component_of_wind!
[30mAdd units K to 2m_temperature!
[30mAdd units J m**-2 to surface_solar_radiation_downwards!
[30mAdd units J m**-2 to toa_incident_solar_radiation!
[30mRename 10m_u_component_of_wind to u10!
[30mRename 10m_v_component_of_wind to v10!
[30mRename 2m_temperature to temperature!
[30mRename surface_solar_radiation_downwards to ssrd!
[30mRename toa_incident_solar_radiation to tisr!
[30mRename forecast_surface_roughness to fsr!
[30mComputing capacity factors for offwind
[30mRemove single value dimension dim_0!
[30mRemove single value dimension dim_0!
[30mComputing winter capacity factors for offwind
[30mComputing capacity factors for onwind
[30mRemove single value dimension dim_0!
[30mRemove single value dimension dim_0!
[30mComputing winter capacity factors for onwind
[30mComputing capacity factors for solar
Use influx (ssrd) for direct and diffuse calculation
No albedo or outflux in dataset
Use influx (ssrd) for direct and diffuse calculation
No albedo or outflux in dataset
Use influx (ssrd) for direct and diffuse calculation
No albedo or outflux in dataset
Use influx (ssrd) for direct and diffuse calculation
No albedo or outflux in dataset
[30mRemove single value dimension dim_0!
[30mRemove single value dimension dim_0!
[30mComputing winter capacity factors for solar
[30mComputing winter capacity factors for all sources
[30mStore to /mnt/lustre/home/ludwig/fstrnad80/data/dunkelflauten//Germany/CMIP6/cf/cf_dict_MPI-ESM1-2-HR_ssp245_0.25_2020-01-01_2100-01-01_bc.npy
[30mTotal size: 
   17.87 GB
[30mOpen file: /mnt/lustre/work/ludwig/shared_datasets/CMIP6//downscaling//1.0/MPI-ESM1-2-HR_ssp245/2020-01-01_2100-01-01_N3//samples_MPI-ESM1-2-HR_ssp245_2020-01-01_2100-01-01_0.25_log_False_bc.nc
[30mOpen file: /mnt/lustre/work/ludwig/shared_datasets/CMIP6//downscaling//1.0/MPI-ESM1-2-HR_ssp245/2020-01-01_2100-01-01_N3/obs_MPI-ESM1-2-HR_ssp245_2020-01-01_2100-01-01_1.0_log_False.nc
[30mLoading toa_incident_solar_radiation from toa_incident_solar_radiation/toa_2020-01-01_2099-12-31_gs1.0_tsteps29220.nc
[30mOpen file: toa_incident_solar_radiation/toa_2020-01-01_2099-12-31_gs1.0_tsteps29220.nc
[30mComputing fsr with grid step 1.0 and time steps 29220
[30mOpen file: ./variable_means//mean_forecast_surface_roughness_Germany_1.0.nc
[30mAdd units K to 2m_temperature!
[30mAdd units m/s to 10m_u_component_of_wind!
[30mAdd units m/s to 10m_v_component_of_wind!
[30mAdd units J m**-2 to surface_solar_radiation_downwards!
[30mAdd units J m**-2 to toa_incident_solar_radiation!
[30mRename 2m_temperature to temperature!
[30mRename 10m_u_component_of_wind to u10!
[30mRename 10m_v_component_of_wind to v10!
[30mRename surface_solar_radiation_downwards to ssrd!
[30mRename toa_incident_solar_radiation to tisr!
[30mRename forecast_surface_roughness to fsr!
[30mComputing capacity factors for offwind
[30mRemove single value dimension dim_0!
[30mRemove single value dimension dim_0!
[30mComputing winter capacity factors for offwind
[30mComputing capacity factors for onwind
[30mRemove single value dimension dim_0!
[30mRemove single value dimension dim_0!
[30mComputing winter capacity factors for onwind
[30mComputing capacity factors for solar
Use influx (ssrd) for direct and diffuse calculation
No albedo or outflux in dataset
Use influx (ssrd) for direct and diffuse calculation
No albedo or outflux in dataset
Use influx (ssrd) for direct and diffuse calculation
No albedo or outflux in dataset
Use influx (ssrd) for direct and diffuse calculation
No albedo or outflux in dataset
[30mRemove single value dimension dim_0!
[30mRemove single value dimension dim_0!
[30mComputing winter capacity factors for solar
[30mComputing winter capacity factors for all sources
[30mStore to /mnt/lustre/home/ludwig/fstrnad80/data/dunkelflauten//Germany/CMIP6/cf/cf_dict_MPI-ESM1-2-HR_ssp245_1.0_2020-01-01_2100-01-01.npy
[30mTotal size: 
   289.22 MB
[30mFound 1 files!
[30mOpen file: /mnt/lustre/work/ludwig/shared_datasets/CMIP6//downscaling//1.0/MPI-ESM1-2-HR_ssp585/2020-01-01_2100-01-01_N3//samples_MPI-ESM1-2-HR_ssp585_2020-01-01_2100-01-01_0.25_log_False_bc.nc
[30mOpen file: /mnt/lustre/work/ludwig/shared_datasets/CMIP6//downscaling//1.0/MPI-ESM1-2-HR_ssp585/2020-01-01_2100-01-01_N3/obs_MPI-ESM1-2-HR_ssp585_2020-01-01_2100-01-01_1.0_log_False.nc
[30mLoading toa_incident_solar_radiation from toa_incident_solar_radiation/toa_2020-01-01_2099-12-31_gs0.25_tsteps116880.nc
[30mOpen file: toa_incident_solar_radiation/toa_2020-01-01_2099-12-31_gs0.25_tsteps116880.nc
[30mComputing fsr with grid step 0.25 and time steps 116880
[30mOpen file: ./variable_means//mean_forecast_surface_roughness_Germany_0.25.nc
[30mAdd units m/s to 10m_u_component_of_wind!
[30mAdd units m/s to 10m_v_component_of_wind!
[30mAdd units K to 2m_temperature!
[30mAdd units J m**-2 to surface_solar_radiation_downwards!
[30mAdd units J m**-2 to toa_incident_solar_radiation!
[30mRename 10m_u_component_of_wind to u10!
[30mRename 10m_v_component_of_wind to v10!
[30mRename 2m_temperature to temperature!
[30mRename surface_solar_radiation_downwards to ssrd!
[30mRename toa_incident_solar_radiation to tisr!
[30mRename forecast_surface_roughness to fsr!
[30mComputing capacity factors for offwind
[30mRemove single value dimension dim_0!
[30mRemove single value dimension dim_0!
[30mComputing winter capacity factors for offwind
[30mComputing capacity factors for onwind
[30mRemove single value dimension dim_0!
[30mRemove single value dimension dim_0!
[30mComputing winter capacity factors for onwind
[30mComputing capacity factors for solar
Use influx (ssrd) for direct and diffuse calculation
No albedo or outflux in dataset
Use influx (ssrd) for direct and diffuse calculation
No albedo or outflux in dataset
Use influx (ssrd) for direct and diffuse calculation
No albedo or outflux in dataset
Use influx (ssrd) for direct and diffuse calculation
No albedo or outflux in dataset
[30mRemove single value dimension dim_0!
[30mRemove single value dimension dim_0!
[30mComputing winter capacity factors for solar
[30mComputing winter capacity factors for all sources
[30mStore to /mnt/lustre/home/ludwig/fstrnad80/data/dunkelflauten//Germany/CMIP6/cf/cf_dict_MPI-ESM1-2-HR_ssp585_0.25_2020-01-01_2100-01-01_bc.npy
[30mTotal size: 
   17.87 GB
[30mOpen file: /mnt/lustre/work/ludwig/shared_datasets/CMIP6//downscaling//1.0/MPI-ESM1-2-HR_ssp585/2020-01-01_2100-01-01_N3//samples_MPI-ESM1-2-HR_ssp585_2020-01-01_2100-01-01_0.25_log_False_bc.nc
[30mOpen file: /mnt/lustre/work/ludwig/shared_datasets/CMIP6//downscaling//1.0/MPI-ESM1-2-HR_ssp585/2020-01-01_2100-01-01_N3/obs_MPI-ESM1-2-HR_ssp585_2020-01-01_2100-01-01_1.0_log_False.nc
[30mLoading toa_incident_solar_radiation from toa_incident_solar_radiation/toa_2020-01-01_2099-12-31_gs1.0_tsteps29220.nc
[30mOpen file: toa_incident_solar_radiation/toa_2020-01-01_2099-12-31_gs1.0_tsteps29220.nc
[30mComputing fsr with grid step 1.0 and time steps 29220
[30mOpen file: ./variable_means//mean_forecast_surface_roughness_Germany_1.0.nc
[30mAdd units K to 2m_temperature!
[30mAdd units m/s to 10m_u_component_of_wind!
[30mAdd units m/s to 10m_v_component_of_wind!
[30mAdd units J m**-2 to surface_solar_radiation_downwards!
[30mAdd units J m**-2 to toa_incident_solar_radiation!
[30mRename 2m_temperature to temperature!
[30mRename 10m_u_component_of_wind to u10!
[30mRename 10m_v_component_of_wind to v10!
[30mRename surface_solar_radiation_downwards to ssrd!
[30mRename toa_incident_solar_radiation to tisr!
[30mRename forecast_surface_roughness to fsr!
[30mComputing capacity factors for offwind
[30mRemove single value dimension dim_0!
[30mRemove single value dimension dim_0!
[30mComputing winter capacity factors for offwind
[30mComputing capacity factors for onwind
[30mRemove single value dimension dim_0!
[30mRemove single value dimension dim_0!
[30mComputing winter capacity factors for onwind
[30mComputing capacity factors for solar
Use influx (ssrd) for direct and diffuse calculation
No albedo or outflux in dataset
Use influx (ssrd) for direct and diffuse calculation
No albedo or outflux in dataset
Use influx (ssrd) for direct and diffuse calculation
No albedo or outflux in dataset
Use influx (ssrd) for direct and diffuse calculation
No albedo or outflux in dataset
[30mRemove single value dimension dim_0!
[30mRemove single value dimension dim_0!
[30mComputing winter capacity factors for solar
[30mComputing winter capacity factors for all sources
[30mStore to /mnt/lustre/home/ludwig/fstrnad80/data/dunkelflauten//Germany/CMIP6/cf/cf_dict_MPI-ESM1-2-HR_ssp585_1.0_2020-01-01_2100-01-01.npy
[30mTotal size: 
   289.22 MB
[30mFound 1 files!
[30mOpen file: /mnt/lustre/work/ludwig/shared_datasets/CMIP6//downscaling//1.0/GFDL-ESM4_historical/1980-01-01_2015-01-01_N3//samples_GFDL-ESM4_historical_1980-01-01_2015-01-01_0.25_log_False_bc.nc
[30mOpen file: /mnt/lustre/work/ludwig/shared_datasets/CMIP6//downscaling//1.0/GFDL-ESM4_historical/1980-01-01_2015-01-01_N3/obs_GFDL-ESM4_historical_1980-01-01_2015-01-01_1.0_log_False.nc
[30mLoading toa_incident_solar_radiation from toa_incident_solar_radiation/toa_1980-01-01_2014-12-30_gs0.25_tsteps51096.nc
[30mOpen file: toa_incident_solar_radiation/toa_1980-01-01_2014-12-30_gs0.25_tsteps51096.nc
[30mComputing fsr with grid step 0.25 and time steps 51096
[30mOpen file: ./variable_means//mean_forecast_surface_roughness_Germany_0.25.nc
[30mAdd units m/s to 10m_u_component_of_wind!
[30mAdd units m/s to 10m_v_component_of_wind!
[30mAdd units K to 2m_temperature!
[30mAdd units J m**-2 to surface_solar_radiation_downwards!
[30mAdd units J m**-2 to toa_incident_solar_radiation!
[30mRename 10m_u_component_of_wind to u10!
[30mRename 10m_v_component_of_wind to v10!
[30mRename 2m_temperature to temperature!
[30mRename surface_solar_radiation_downwards to ssrd!
[30mRename toa_incident_solar_radiation to tisr!
[30mRename forecast_surface_roughness to fsr!
[30mComputing capacity factors for offwind
[30mRemove single value dimension dim_0!
[30mRemove single value dimension dim_0!
[30mComputing winter capacity factors for offwind
[30mComputing capacity factors for onwind
[30mRemove single value dimension dim_0!
[30mRemove single value dimension dim_0!
[30mComputing winter capacity factors for onwind
[30mComputing capacity factors for solar
Use influx (ssrd) for direct and diffuse calculation
No albedo or outflux in dataset
Use influx (ssrd) for direct and diffuse calculation
No albedo or outflux in dataset
Use influx (ssrd) for direct and diffuse calculation
No albedo or outflux in dataset
Use influx (ssrd) for direct and diffuse calculation
No albedo or outflux in dataset
[30mRemove single value dimension dim_0!
[30mRemove single value dimension dim_0!
[30mComputing winter capacity factors for solar
[30mComputing winter capacity factors for all sources
[30mStore to /mnt/lustre/home/ludwig/fstrnad80/data/dunkelflauten//Germany/CMIP6/cf/cf_dict_GFDL-ESM4_historical_0.25_1980-01-01_2015-01-01_bc.npy
[30mTotal size: 
   7.82 GB
[30mOpen file: /mnt/lustre/work/ludwig/shared_datasets/CMIP6//downscaling//1.0/GFDL-ESM4_historical/1980-01-01_2015-01-01_N3//samples_GFDL-ESM4_historical_1980-01-01_2015-01-01_0.25_log_False_bc.nc
[30mOpen file: /mnt/lustre/work/ludwig/shared_datasets/CMIP6//downscaling//1.0/GFDL-ESM4_historical/1980-01-01_2015-01-01_N3/obs_GFDL-ESM4_historical_1980-01-01_2015-01-01_1.0_log_False.nc
[30mLoading toa_incident_solar_radiation from toa_incident_solar_radiation/toa_1980-01-01_2014-12-30_gs1.0_tsteps12774.nc
[30mOpen file: toa_incident_solar_radiation/toa_1980-01-01_2014-12-30_gs1.0_tsteps12774.nc
[30mComputing fsr with grid step 1.0 and time steps 12774
[30mOpen file: ./variable_means//mean_forecast_surface_roughness_Germany_1.0.nc
[30mAdd units K to 2m_temperature!
[30mAdd units m/s to 10m_u_component_of_wind!
[30mAdd units m/s to 10m_v_component_of_wind!
[30mAdd units J m**-2 to surface_solar_radiation_downwards!
[30mAdd units J m**-2 to toa_incident_solar_radiation!
[30mRename 2m_temperature to temperature!
[30mRename 10m_u_component_of_wind to u10!
[30mRename 10m_v_component_of_wind to v10!
[30mRename surface_solar_radiation_downwards to ssrd!
[30mRename toa_incident_solar_radiation to tisr!
[30mRename forecast_surface_roughness to fsr!
[30mComputing capacity factors for offwind
[30mRemove single value dimension dim_0!
[30mRemove single value dimension dim_0!
[30mComputing winter capacity factors for offwind
[30mComputing capacity factors for onwind
[30mRemove single value dimension dim_0!
[30mRemove single value dimension dim_0!
[30mComputing winter capacity factors for onwind
[30mComputing capacity factors for solar
Use influx (ssrd) for direct and diffuse calculation
No albedo or outflux in dataset
Use influx (ssrd) for direct and diffuse calculation
No albedo or outflux in dataset
Use influx (ssrd) for direct and diffuse calculation
No albedo or outflux in dataset
Use influx (ssrd) for direct and diffuse calculation
No albedo or outflux in dataset
[30mRemove single value dimension dim_0!
[30mRemove single value dimension dim_0!
[30mComputing winter capacity factors for solar
[30mComputing winter capacity factors for all sources
[30mStore to /mnt/lustre/home/ludwig/fstrnad80/data/dunkelflauten//Germany/CMIP6/cf/cf_dict_GFDL-ESM4_historical_1.0_1980-01-01_2015-01-01.npy
[30mTotal size: 
   126.50 MB
[30mFound 1 files!
[30mOpen file: /mnt/lustre/work/ludwig/shared_datasets/CMIP6//downscaling//1.0/GFDL-ESM4_ssp245/2020-01-01_2100-01-01_N3//samples_GFDL-ESM4_ssp245_2020-01-01_2100-01-01_0.25_log_False_bc.nc
[30mOpen file: /mnt/lustre/work/ludwig/shared_datasets/CMIP6//downscaling//1.0/GFDL-ESM4_ssp245/2020-01-01_2100-01-01_N3/obs_GFDL-ESM4_ssp245_2020-01-01_2100-01-01_1.0_log_False.nc
[30mLoading toa_incident_solar_radiation from toa_incident_solar_radiation/toa_2020-01-01_2099-12-31_gs0.25_tsteps116800.nc
[30mOpen file: toa_incident_solar_radiation/toa_2020-01-01_2099-12-31_gs0.25_tsteps116800.nc
[30mComputing fsr with grid step 0.25 and time steps 116800
[30mOpen file: ./variable_means//mean_forecast_surface_roughness_Germany_0.25.nc
[30mAdd units m/s to 10m_u_component_of_wind!
[30mAdd units m/s to 10m_v_component_of_wind!
[30mAdd units K to 2m_temperature!
[30mAdd units J m**-2 to surface_solar_radiation_downwards!
[30mAdd units J m**-2 to toa_incident_solar_radiation!
[30mRename 10m_u_component_of_wind to u10!
[30mRename 10m_v_component_of_wind to v10!
[30mRename 2m_temperature to temperature!
[30mRename surface_solar_radiation_downwards to ssrd!
[30mRename toa_incident_solar_radiation to tisr!
[30mRename forecast_surface_roughness to fsr!
[30mComputing capacity factors for offwind
[30mRemove single value dimension dim_0!
[30mRemove single value dimension dim_0!
[30mComputing winter capacity factors for offwind
[30mComputing capacity factors for onwind
[30mRemove single value dimension dim_0!
[30mRemove single value dimension dim_0!
[30mComputing winter capacity factors for onwind
[30mComputing capacity factors for solar
Use influx (ssrd) for direct and diffuse calculation
No albedo or outflux in dataset
Use influx (ssrd) for direct and diffuse calculation
No albedo or outflux in dataset
Use influx (ssrd) for direct and diffuse calculation
No albedo or outflux in dataset
Use influx (ssrd) for direct and diffuse calculation
No albedo or outflux in dataset
[30mRemove single value dimension dim_0!
[30mRemove single value dimension dim_0!
[30mComputing winter capacity factors for solar
[30mComputing winter capacity factors for all sources
[30mStore to /mnt/lustre/home/ludwig/fstrnad80/data/dunkelflauten//Germany/CMIP6/cf/cf_dict_GFDL-ESM4_ssp245_0.25_2020-01-01_2100-01-01_bc.npy
[30mTotal size: 
   17.87 GB
[30mOpen file: /mnt/lustre/work/ludwig/shared_datasets/CMIP6//downscaling//1.0/GFDL-ESM4_ssp245/2020-01-01_2100-01-01_N3//samples_GFDL-ESM4_ssp245_2020-01-01_2100-01-01_0.25_log_False_bc.nc
[30mOpen file: /mnt/lustre/work/ludwig/shared_datasets/CMIP6//downscaling//1.0/GFDL-ESM4_ssp245/2020-01-01_2100-01-01_N3/obs_GFDL-ESM4_ssp245_2020-01-01_2100-01-01_1.0_log_False.nc
[30mLoading toa_incident_solar_radiation from toa_incident_solar_radiation/toa_2020-01-01_2099-12-31_gs1.0_tsteps29200.nc
[30mOpen file: toa_incident_solar_radiation/toa_2020-01-01_2099-12-31_gs1.0_tsteps29200.nc
[30mComputing fsr with grid step 1.0 and time steps 29200
[30mOpen file: ./variable_means//mean_forecast_surface_roughness_Germany_1.0.nc
[30mAdd units K to 2m_temperature!
[30mAdd units m/s to 10m_u_component_of_wind!
[30mAdd units m/s to 10m_v_component_of_wind!
[30mAdd units J m**-2 to surface_solar_radiation_downwards!
[30mAdd units J m**-2 to toa_incident_solar_radiation!
[30mRename 2m_temperature to temperature!
[30mRename 10m_u_component_of_wind to u10!
[30mRename 10m_v_component_of_wind to v10!
[30mRename surface_solar_radiation_downwards to ssrd!
[30mRename toa_incident_solar_radiation to tisr!
[30mRename forecast_surface_roughness to fsr!
[30mComputing capacity factors for offwind
[30mRemove single value dimension dim_0!
[30mRemove single value dimension dim_0!
[30mComputing winter capacity factors for offwind
[30mComputing capacity factors for onwind
[30mRemove single value dimension dim_0!
[30mRemove single value dimension dim_0!
[30mComputing winter capacity factors for onwind
[30mComputing capacity factors for solar
Use influx (ssrd) for direct and diffuse calculation
No albedo or outflux in dataset
Use influx (ssrd) for direct and diffuse calculation
No albedo or outflux in dataset
Use influx (ssrd) for direct and diffuse calculation
No albedo or outflux in dataset
Use influx (ssrd) for direct and diffuse calculation
No albedo or outflux in dataset
[30mRemove single value dimension dim_0!
[30mRemove single value dimension dim_0!
[30mComputing winter capacity factors for solar
[30mComputing winter capacity factors for all sources
[30mStore to /mnt/lustre/home/ludwig/fstrnad80/data/dunkelflauten//Germany/CMIP6/cf/cf_dict_GFDL-ESM4_ssp245_1.0_2020-01-01_2100-01-01.npy
[30mTotal size: 
   289.06 MB
[30mFound 1 files!
[30mOpen file: /mnt/lustre/work/ludwig/shared_datasets/CMIP6//downscaling//1.0/GFDL-ESM4_ssp585/2020-01-01_2100-01-01_N3//samples_GFDL-ESM4_ssp585_2020-01-01_2100-01-01_0.25_log_False_bc.nc
[30mOpen file: /mnt/lustre/work/ludwig/shared_datasets/CMIP6//downscaling//1.0/GFDL-ESM4_ssp585/2020-01-01_2100-01-01_N3/obs_GFDL-ESM4_ssp585_2020-01-01_2100-01-01_1.0_log_False.nc
[30mLoading toa_incident_solar_radiation from toa_incident_solar_radiation/toa_2020-01-01_2099-12-31_gs0.25_tsteps116800.nc
[30mOpen file: toa_incident_solar_radiation/toa_2020-01-01_2099-12-31_gs0.25_tsteps116800.nc
[30mComputing fsr with grid step 0.25 and time steps 116800
[30mOpen file: ./variable_means//mean_forecast_surface_roughness_Germany_0.25.nc
[30mAdd units m/s to 10m_u_component_of_wind!
[30mAdd units m/s to 10m_v_component_of_wind!
[30mAdd units K to 2m_temperature!
[30mAdd units J m**-2 to surface_solar_radiation_downwards!
[30mAdd units J m**-2 to toa_incident_solar_radiation!
[30mRename 10m_u_component_of_wind to u10!
[30mRename 10m_v_component_of_wind to v10!
[30mRename 2m_temperature to temperature!
[30mRename surface_solar_radiation_downwards to ssrd!
[30mRename toa_incident_solar_radiation to tisr!
[30mRename forecast_surface_roughness to fsr!
[30mComputing capacity factors for offwind
[30mRemove single value dimension dim_0!
[30mRemove single value dimension dim_0!
[30mComputing winter capacity factors for offwind
[30mComputing capacity factors for onwind
[30mRemove single value dimension dim_0!
[30mRemove single value dimension dim_0!
[30mComputing winter capacity factors for onwind
[30mComputing capacity factors for solar
Use influx (ssrd) for direct and diffuse calculation
No albedo or outflux in dataset
Use influx (ssrd) for direct and diffuse calculation
No albedo or outflux in dataset
Use influx (ssrd) for direct and diffuse calculation
No albedo or outflux in dataset
Use influx (ssrd) for direct and diffuse calculation
No albedo or outflux in dataset
[30mRemove single value dimension dim_0!
[30mRemove single value dimension dim_0!
[30mComputing winter capacity factors for solar
[30mComputing winter capacity factors for all sources
[30mStore to /mnt/lustre/home/ludwig/fstrnad80/data/dunkelflauten//Germany/CMIP6/cf/cf_dict_GFDL-ESM4_ssp585_0.25_2020-01-01_2100-01-01_bc.npy
[30mTotal size: 
   17.87 GB
[30mOpen file: /mnt/lustre/work/ludwig/shared_datasets/CMIP6//downscaling//1.0/GFDL-ESM4_ssp585/2020-01-01_2100-01-01_N3//samples_GFDL-ESM4_ssp585_2020-01-01_2100-01-01_0.25_log_False_bc.nc
[30mOpen file: /mnt/lustre/work/ludwig/shared_datasets/CMIP6//downscaling//1.0/GFDL-ESM4_ssp585/2020-01-01_2100-01-01_N3/obs_GFDL-ESM4_ssp585_2020-01-01_2100-01-01_1.0_log_False.nc
[30mLoading toa_incident_solar_radiation from toa_incident_solar_radiation/toa_2020-01-01_2099-12-31_gs1.0_tsteps29200.nc
[30mOpen file: toa_incident_solar_radiation/toa_2020-01-01_2099-12-31_gs1.0_tsteps29200.nc
[30mComputing fsr with grid step 1.0 and time steps 29200
[30mOpen file: ./variable_means//mean_forecast_surface_roughness_Germany_1.0.nc
[30mAdd units K to 2m_temperature!
[30mAdd units m/s to 10m_u_component_of_wind!
[30mAdd units m/s to 10m_v_component_of_wind!
[30mAdd units J m**-2 to surface_solar_radiation_downwards!
[30mAdd units J m**-2 to toa_incident_solar_radiation!
[30mRename 2m_temperature to temperature!
[30mRename 10m_u_component_of_wind to u10!
[30mRename 10m_v_component_of_wind to v10!
[30mRename surface_solar_radiation_downwards to ssrd!
[30mRename toa_incident_solar_radiation to tisr!
[30mRename forecast_surface_roughness to fsr!
[30mComputing capacity factors for offwind
[30mRemove single value dimension dim_0!
[30mRemove single value dimension dim_0!
[30mComputing winter capacity factors for offwind
[30mComputing capacity factors for onwind
[30mRemove single value dimension dim_0!
[30mRemove single value dimension dim_0!
[30mComputing winter capacity factors for onwind
[30mComputing capacity factors for solar
Use influx (ssrd) for direct and diffuse calculation
No albedo or outflux in dataset
Use influx (ssrd) for direct and diffuse calculation
No albedo or outflux in dataset
Use influx (ssrd) for direct and diffuse calculation
No albedo or outflux in dataset
Use influx (ssrd) for direct and diffuse calculation
No albedo or outflux in dataset
[30mRemove single value dimension dim_0!
[30mRemove single value dimension dim_0!
[30mComputing winter capacity factors for solar
[30mComputing winter capacity factors for all sources
[30mStore to /mnt/lustre/home/ludwig/fstrnad80/data/dunkelflauten//Germany/CMIP6/cf/cf_dict_GFDL-ESM4_ssp585_1.0_2020-01-01_2100-01-01.npy
[30mTotal size: 
   289.06 MB
[30mFound 1 files!
[30mOpen file: /mnt/lustre/work/ludwig/shared_datasets/CMIP6//downscaling//1.0/MIROC6_historical/1980-01-01_2015-01-01_N3//samples_MIROC6_historical_1980-01-01_2015-01-01_0.25_log_False_bc.nc
[30mOpen file: /mnt/lustre/work/ludwig/shared_datasets/CMIP6//downscaling//1.0/MIROC6_historical/1980-01-01_2015-01-01_N3/obs_MIROC6_historical_1980-01-01_2015-01-01_1.0_log_False.nc
[30mLoading toa_incident_solar_radiation from toa_incident_solar_radiation/toa_1980-01-01_2014-12-30_gs0.25_tsteps51132.nc
[30mOpen file: toa_incident_solar_radiation/toa_1980-01-01_2014-12-30_gs0.25_tsteps51132.nc
[30mComputing fsr with grid step 0.25 and time steps 51132
[30mOpen file: ./variable_means//mean_forecast_surface_roughness_Germany_0.25.nc
[30mAdd units m/s to 10m_u_component_of_wind!
[30mAdd units m/s to 10m_v_component_of_wind!
[30mAdd units K to 2m_temperature!
[30mAdd units J m**-2 to surface_solar_radiation_downwards!
[30mAdd units J m**-2 to toa_incident_solar_radiation!
[30mRename 10m_u_component_of_wind to u10!
[30mRename 10m_v_component_of_wind to v10!
[30mRename 2m_temperature to temperature!
[30mRename surface_solar_radiation_downwards to ssrd!
[30mRename toa_incident_solar_radiation to tisr!
[30mRename forecast_surface_roughness to fsr!
[30mComputing capacity factors for offwind
[30mRemove single value dimension dim_0!
[30mRemove single value dimension dim_0!
[30mComputing winter capacity factors for offwind
[30mComputing capacity factors for onwind
[30mRemove single value dimension dim_0!
[30mRemove single value dimension dim_0!
[30mComputing winter capacity factors for onwind
[30mComputing capacity factors for solar
Use influx (ssrd) for direct and diffuse calculation
No albedo or outflux in dataset
Use influx (ssrd) for direct and diffuse calculation
No albedo or outflux in dataset
Use influx (ssrd) for direct and diffuse calculation
No albedo or outflux in dataset
Use influx (ssrd) for direct and diffuse calculation
No albedo or outflux in dataset
[30mRemove single value dimension dim_0!
[30mRemove single value dimension dim_0!
[30mComputing winter capacity factors for solar
[30mComputing winter capacity factors for all sources
[30mStore to /mnt/lustre/home/ludwig/fstrnad80/data/dunkelflauten//Germany/CMIP6/cf/cf_dict_MIROC6_historical_0.25_1980-01-01_2015-01-01_bc.npy
[30mTotal size: 
   7.82 GB
[30mOpen file: /mnt/lustre/work/ludwig/shared_datasets/CMIP6//downscaling//1.0/MIROC6_historical/1980-01-01_2015-01-01_N3//samples_MIROC6_historical_1980-01-01_2015-01-01_0.25_log_False_bc.nc
[30mOpen file: /mnt/lustre/work/ludwig/shared_datasets/CMIP6//downscaling//1.0/MIROC6_historical/1980-01-01_2015-01-01_N3/obs_MIROC6_historical_1980-01-01_2015-01-01_1.0_log_False.nc
[30mLoading toa_incident_solar_radiation from toa_incident_solar_radiation/toa_1980-01-01_2014-12-30_gs1.0_tsteps12783.nc
[30mOpen file: toa_incident_solar_radiation/toa_1980-01-01_2014-12-30_gs1.0_tsteps12783.nc
[30mComputing fsr with grid step 1.0 and time steps 12783
[30mOpen file: ./variable_means//mean_forecast_surface_roughness_Germany_1.0.nc
[30mAdd units K to 2m_temperature!
[30mAdd units m/s to 10m_u_component_of_wind!
[30mAdd units m/s to 10m_v_component_of_wind!
[30mAdd units J m**-2 to surface_solar_radiation_downwards!
[30mAdd units J m**-2 to toa_incident_solar_radiation!
[30mRename 2m_temperature to temperature!
[30mRename 10m_u_component_of_wind to u10!
[30mRename 10m_v_component_of_wind to v10!
[30mRename surface_solar_radiation_downwards to ssrd!
[30mRename toa_incident_solar_radiation to tisr!
[30mRename forecast_surface_roughness to fsr!
[30mComputing capacity factors for offwind
[30mRemove single value dimension dim_0!
[30mRemove single value dimension dim_0!
[30mComputing winter capacity factors for offwind
[30mComputing capacity factors for onwind
[30mRemove single value dimension dim_0!
[30mRemove single value dimension dim_0!
[30mComputing winter capacity factors for onwind
[30mComputing capacity factors for solar
Use influx (ssrd) for direct and diffuse calculation
No albedo or outflux in dataset
Use influx (ssrd) for direct and diffuse calculation
No albedo or outflux in dataset
Use influx (ssrd) for direct and diffuse calculation
No albedo or outflux in dataset
Use influx (ssrd) for direct and diffuse calculation
No albedo or outflux in dataset
[30mRemove single value dimension dim_0!
[30mRemove single value dimension dim_0!
[30mComputing winter capacity factors for solar
[30mComputing winter capacity factors for all sources
[30mStore to /mnt/lustre/home/ludwig/fstrnad80/data/dunkelflauten//Germany/CMIP6/cf/cf_dict_MIROC6_historical_1.0_1980-01-01_2015-01-01.npy
[30mTotal size: 
   126.57 MB
[30mFound 1 files!
[30mOpen file: /mnt/lustre/work/ludwig/shared_datasets/CMIP6//downscaling//1.0/MIROC6_ssp245/2020-01-01_2100-01-01_N3//samples_MIROC6_ssp245_2020-01-01_2100-01-01_0.25_log_False_bc.nc
[30mOpen file: /mnt/lustre/work/ludwig/shared_datasets/CMIP6//downscaling//1.0/MIROC6_ssp245/2020-01-01_2100-01-01_N3/obs_MIROC6_ssp245_2020-01-01_2100-01-01_1.0_log_False.nc
[30mLoading toa_incident_solar_radiation from toa_incident_solar_radiation/toa_2020-01-01_2099-12-31_gs0.25_tsteps116880.nc
[30mOpen file: toa_incident_solar_radiation/toa_2020-01-01_2099-12-31_gs0.25_tsteps116880.nc
[30mComputing fsr with grid step 0.25 and time steps 116880
[30mOpen file: ./variable_means//mean_forecast_surface_roughness_Germany_0.25.nc
[30mAdd units m/s to 10m_u_component_of_wind!
[30mAdd units m/s to 10m_v_component_of_wind!
[30mAdd units K to 2m_temperature!
[30mAdd units J m**-2 to surface_solar_radiation_downwards!
[30mAdd units J m**-2 to toa_incident_solar_radiation!
[30mRename 10m_u_component_of_wind to u10!
[30mRename 10m_v_component_of_wind to v10!
[30mRename 2m_temperature to temperature!
[30mRename surface_solar_radiation_downwards to ssrd!
[30mRename toa_incident_solar_radiation to tisr!
[30mRename forecast_surface_roughness to fsr!
[30mComputing capacity factors for offwind
[30mRemove single value dimension dim_0!
[30mRemove single value dimension dim_0!
[30mComputing winter capacity factors for offwind
[30mComputing capacity factors for onwind
[30mRemove single value dimension dim_0!
[30mRemove single value dimension dim_0!
[30mComputing winter capacity factors for onwind
[30mComputing capacity factors for solar
Use influx (ssrd) for direct and diffuse calculation
No albedo or outflux in dataset
Use influx (ssrd) for direct and diffuse calculation
No albedo or outflux in dataset
Use influx (ssrd) for direct and diffuse calculation
No albedo or outflux in dataset
Use influx (ssrd) for direct and diffuse calculation
No albedo or outflux in dataset
[30mRemove single value dimension dim_0!
[30mRemove single value dimension dim_0!
[30mComputing winter capacity factors for solar
[30mComputing winter capacity factors for all sources
[30mStore to /mnt/lustre/home/ludwig/fstrnad80/data/dunkelflauten//Germany/CMIP6/cf/cf_dict_MIROC6_ssp245_0.25_2020-01-01_2100-01-01_bc.npy
[30mTotal size: 
   17.87 GB
[30mOpen file: /mnt/lustre/work/ludwig/shared_datasets/CMIP6//downscaling//1.0/MIROC6_ssp245/2020-01-01_2100-01-01_N3//samples_MIROC6_ssp245_2020-01-01_2100-01-01_0.25_log_False_bc.nc
[30mOpen file: /mnt/lustre/work/ludwig/shared_datasets/CMIP6//downscaling//1.0/MIROC6_ssp245/2020-01-01_2100-01-01_N3/obs_MIROC6_ssp245_2020-01-01_2100-01-01_1.0_log_False.nc
[30mLoading toa_incident_solar_radiation from toa_incident_solar_radiation/toa_2020-01-01_2099-12-31_gs1.0_tsteps29220.nc
[30mOpen file: toa_incident_solar_radiation/toa_2020-01-01_2099-12-31_gs1.0_tsteps29220.nc
[30mComputing fsr with grid step 1.0 and time steps 29220
[30mOpen file: ./variable_means//mean_forecast_surface_roughness_Germany_1.0.nc
[30mAdd units K to 2m_temperature!
[30mAdd units m/s to 10m_u_component_of_wind!
[30mAdd units m/s to 10m_v_component_of_wind!
[30mAdd units J m**-2 to surface_solar_radiation_downwards!
[30mAdd units J m**-2 to toa_incident_solar_radiation!
[30mRename 2m_temperature to temperature!
[30mRename 10m_u_component_of_wind to u10!
[30mRename 10m_v_component_of_wind to v10!
[30mRename surface_solar_radiation_downwards to ssrd!
[30mRename toa_incident_solar_radiation to tisr!
[30mRename forecast_surface_roughness to fsr!
[30mComputing capacity factors for offwind
[30mRemove single value dimension dim_0!
[30mRemove single value dimension dim_0!
[30mComputing winter capacity factors for offwind
[30mComputing capacity factors for onwind
[30mRemove single value dimension dim_0!
[30mRemove single value dimension dim_0!
[30mComputing winter capacity factors for onwind
[30mComputing capacity factors for solar
Use influx (ssrd) for direct and diffuse calculation
No albedo or outflux in dataset
Use influx (ssrd) for direct and diffuse calculation
No albedo or outflux in dataset
Use influx (ssrd) for direct and diffuse calculation
No albedo or outflux in dataset
Use influx (ssrd) for direct and diffuse calculation
No albedo or outflux in dataset
[30mRemove single value dimension dim_0!
[30mRemove single value dimension dim_0!
[30mComputing winter capacity factors for solar
[30mComputing winter capacity factors for all sources
[30mStore to /mnt/lustre/home/ludwig/fstrnad80/data/dunkelflauten//Germany/CMIP6/cf/cf_dict_MIROC6_ssp245_1.0_2020-01-01_2100-01-01.npy
[30mTotal size: 
   289.22 MB
[30mFound 1 files!
[30mOpen file: /mnt/lustre/work/ludwig/shared_datasets/CMIP6//downscaling//1.0/MIROC6_ssp585/2020-01-01_2100-01-01_N3//samples_MIROC6_ssp585_2020-01-01_2100-01-01_0.25_log_False_bc.nc
[30mOpen file: /mnt/lustre/work/ludwig/shared_datasets/CMIP6//downscaling//1.0/MIROC6_ssp585/2020-01-01_2100-01-01_N3/obs_MIROC6_ssp585_2020-01-01_2100-01-01_1.0_log_False.nc
[30mLoading toa_incident_solar_radiation from toa_incident_solar_radiation/toa_2020-01-01_2099-12-31_gs0.25_tsteps116880.nc
[30mOpen file: toa_incident_solar_radiation/toa_2020-01-01_2099-12-31_gs0.25_tsteps116880.nc
[30mComputing fsr with grid step 0.25 and time steps 116880
[30mOpen file: ./variable_means//mean_forecast_surface_roughness_Germany_0.25.nc
[30mAdd units m/s to 10m_u_component_of_wind!
[30mAdd units m/s to 10m_v_component_of_wind!
[30mAdd units K to 2m_temperature!
[30mAdd units J m**-2 to surface_solar_radiation_downwards!
[30mAdd units J m**-2 to toa_incident_solar_radiation!
[30mRename 10m_u_component_of_wind to u10!
[30mRename 10m_v_component_of_wind to v10!
[30mRename 2m_temperature to temperature!
[30mRename surface_solar_radiation_downwards to ssrd!
[30mRename toa_incident_solar_radiation to tisr!
[30mRename forecast_surface_roughness to fsr!
[30mComputing capacity factors for offwind
[30mRemove single value dimension dim_0!
[30mRemove single value dimension dim_0!
[30mComputing winter capacity factors for offwind
[30mComputing capacity factors for onwind
[30mRemove single value dimension dim_0!
[30mRemove single value dimension dim_0!
[30mComputing winter capacity factors for onwind
[30mComputing capacity factors for solar
Use influx (ssrd) for direct and diffuse calculation
No albedo or outflux in dataset
Use influx (ssrd) for direct and diffuse calculation
No albedo or outflux in dataset
Use influx (ssrd) for direct and diffuse calculation
No albedo or outflux in dataset
Use influx (ssrd) for direct and diffuse calculation
No albedo or outflux in dataset
[30mRemove single value dimension dim_0!
[30mRemove single value dimension dim_0!
[30mComputing winter capacity factors for solar
[30mComputing winter capacity factors for all sources
[30mStore to /mnt/lustre/home/ludwig/fstrnad80/data/dunkelflauten//Germany/CMIP6/cf/cf_dict_MIROC6_ssp585_0.25_2020-01-01_2100-01-01_bc.npy
[30mTotal size: 
   17.87 GB
[30mOpen file: /mnt/lustre/work/ludwig/shared_datasets/CMIP6//downscaling//1.0/MIROC6_ssp585/2020-01-01_2100-01-01_N3//samples_MIROC6_ssp585_2020-01-01_2100-01-01_0.25_log_False_bc.nc
[30mOpen file: /mnt/lustre/work/ludwig/shared_datasets/CMIP6//downscaling//1.0/MIROC6_ssp585/2020-01-01_2100-01-01_N3/obs_MIROC6_ssp585_2020-01-01_2100-01-01_1.0_log_False.nc
[30mLoading toa_incident_solar_radiation from toa_incident_solar_radiation/toa_2020-01-01_2099-12-31_gs1.0_tsteps29220.nc
[30mOpen file: toa_incident_solar_radiation/toa_2020-01-01_2099-12-31_gs1.0_tsteps29220.nc
[30mComputing fsr with grid step 1.0 and time steps 29220
[30mOpen file: ./variable_means//mean_forecast_surface_roughness_Germany_1.0.nc
[30mAdd units K to 2m_temperature!
[30mAdd units m/s to 10m_u_component_of_wind!
[30mAdd units m/s to 10m_v_component_of_wind!
[30mAdd units J m**-2 to surface_solar_radiation_downwards!
[30mAdd units J m**-2 to toa_incident_solar_radiation!
[30mRename 2m_temperature to temperature!
[30mRename 10m_u_component_of_wind to u10!
[30mRename 10m_v_component_of_wind to v10!
[30mRename surface_solar_radiation_downwards to ssrd!
[30mRename toa_incident_solar_radiation to tisr!
[30mRename forecast_surface_roughness to fsr!
[30mComputing capacity factors for offwind
[30mRemove single value dimension dim_0!
[30mRemove single value dimension dim_0!
[30mComputing winter capacity factors for offwind
[30mComputing capacity factors for onwind
[30mRemove single value dimension dim_0!
[30mRemove single value dimension dim_0!
[30mComputing winter capacity factors for onwind
[30mComputing capacity factors for solar
Use influx (ssrd) for direct and diffuse calculation
No albedo or outflux in dataset
Use influx (ssrd) for direct and diffuse calculation
No albedo or outflux in dataset
Use influx (ssrd) for direct and diffuse calculation
No albedo or outflux in dataset
Use influx (ssrd) for direct and diffuse calculation
No albedo or outflux in dataset
[30mRemove single value dimension dim_0!
[30mRemove single value dimension dim_0!
[30mComputing winter capacity factors for solar
[30mComputing winter capacity factors for all sources
[30mStore to /mnt/lustre/home/ludwig/fstrnad80/data/dunkelflauten//Germany/CMIP6/cf/cf_dict_MIROC6_ssp585_1.0_2020-01-01_2100-01-01.npy
[30mTotal size: 
   289.22 MB
[30mFound 1 files!
[30mOpen file: /mnt/lustre/work/ludwig/shared_datasets/CMIP6//downscaling//1.0/IPSL-CM6A-LR_historical/1980-01-01_2015-01-01_N3//samples_IPSL-CM6A-LR_historical_1980-01-01_2015-01-01_0.25_log_False_bc.nc
[30mOpen file: /mnt/lustre/work/ludwig/shared_datasets/CMIP6//downscaling//1.0/IPSL-CM6A-LR_historical/1980-01-01_2015-01-01_N3/obs_IPSL-CM6A-LR_historical_1980-01-01_2015-01-01_1.0_log_False.nc
[30mLoading toa_incident_solar_radiation from toa_incident_solar_radiation/toa_1980-01-01_2014-12-30_gs0.25_tsteps51132.nc
[30mOpen file: toa_incident_solar_radiation/toa_1980-01-01_2014-12-30_gs0.25_tsteps51132.nc
[30mComputing fsr with grid step 0.25 and time steps 51132
[30mOpen file: ./variable_means//mean_forecast_surface_roughness_Germany_0.25.nc
[30mAdd units m/s to 10m_u_component_of_wind!
[30mAdd units m/s to 10m_v_component_of_wind!
[30mAdd units K to 2m_temperature!
[30mAdd units J m**-2 to surface_solar_radiation_downwards!
[30mAdd units J m**-2 to toa_incident_solar_radiation!
[30mRename 10m_u_component_of_wind to u10!
[30mRename 10m_v_component_of_wind to v10!
[30mRename 2m_temperature to temperature!
[30mRename surface_solar_radiation_downwards to ssrd!
[30mRename toa_incident_solar_radiation to tisr!
[30mRename forecast_surface_roughness to fsr!
[30mComputing capacity factors for offwind
[30mRemove single value dimension dim_0!
[30mRemove single value dimension dim_0!
[30mComputing winter capacity factors for offwind
[30mComputing capacity factors for onwind
[30mRemove single value dimension dim_0!
[30mRemove single value dimension dim_0!
[30mComputing winter capacity factors for onwind
[30mComputing capacity factors for solar
Use influx (ssrd) for direct and diffuse calculation
No albedo or outflux in dataset
Use influx (ssrd) for direct and diffuse calculation
No albedo or outflux in dataset
Use influx (ssrd) for direct and diffuse calculation
No albedo or outflux in dataset
Use influx (ssrd) for direct and diffuse calculation
No albedo or outflux in dataset
[30mRemove single value dimension dim_0!
[30mRemove single value dimension dim_0!
[30mComputing winter capacity factors for solar
[30mComputing winter capacity factors for all sources
[30mStore to /mnt/lustre/home/ludwig/fstrnad80/data/dunkelflauten//Germany/CMIP6/cf/cf_dict_IPSL-CM6A-LR_historical_0.25_1980-01-01_2015-01-01_bc.npy
[30mTotal size: 
   7.82 GB
[30mOpen file: /mnt/lustre/work/ludwig/shared_datasets/CMIP6//downscaling//1.0/IPSL-CM6A-LR_historical/1980-01-01_2015-01-01_N3//samples_IPSL-CM6A-LR_historical_1980-01-01_2015-01-01_0.25_log_False_bc.nc
[30mOpen file: /mnt/lustre/work/ludwig/shared_datasets/CMIP6//downscaling//1.0/IPSL-CM6A-LR_historical/1980-01-01_2015-01-01_N3/obs_IPSL-CM6A-LR_historical_1980-01-01_2015-01-01_1.0_log_False.nc
[30mLoading toa_incident_solar_radiation from toa_incident_solar_radiation/toa_1980-01-01_2014-12-30_gs1.0_tsteps12783.nc
[30mOpen file: toa_incident_solar_radiation/toa_1980-01-01_2014-12-30_gs1.0_tsteps12783.nc
[30mComputing fsr with grid step 1.0 and time steps 12783
[30mOpen file: ./variable_means//mean_forecast_surface_roughness_Germany_1.0.nc
[30mAdd units K to 2m_temperature!
[30mAdd units m/s to 10m_u_component_of_wind!
[30mAdd units m/s to 10m_v_component_of_wind!
[30mAdd units J m**-2 to surface_solar_radiation_downwards!
[30mAdd units J m**-2 to toa_incident_solar_radiation!
[30mRename 2m_temperature to temperature!
[30mRename 10m_u_component_of_wind to u10!
[30mRename 10m_v_component_of_wind to v10!
[30mRename surface_solar_radiation_downwards to ssrd!
[30mRename toa_incident_solar_radiation to tisr!
[30mRename forecast_surface_roughness to fsr!
[30mComputing capacity factors for offwind
[30mRemove single value dimension dim_0!
[30mRemove single value dimension dim_0!
[30mComputing winter capacity factors for offwind
[30mComputing capacity factors for onwind
[30mRemove single value dimension dim_0!
[30mRemove single value dimension dim_0!
[30mComputing winter capacity factors for onwind
[30mComputing capacity factors for solar
Use influx (ssrd) for direct and diffuse calculation
No albedo or outflux in dataset
Use influx (ssrd) for direct and diffuse calculation
No albedo or outflux in dataset
Use influx (ssrd) for direct and diffuse calculation
No albedo or outflux in dataset
Use influx (ssrd) for direct and diffuse calculation
No albedo or outflux in dataset
[30mRemove single value dimension dim_0!
[30mRemove single value dimension dim_0!
[30mComputing winter capacity factors for solar
[30mComputing winter capacity factors for all sources
[30mStore to /mnt/lustre/home/ludwig/fstrnad80/data/dunkelflauten//Germany/CMIP6/cf/cf_dict_IPSL-CM6A-LR_historical_1.0_1980-01-01_2015-01-01.npy
[30mTotal size: 
   126.57 MB
[30mFound 1 files!
[30mOpen file: /mnt/lustre/work/ludwig/shared_datasets/CMIP6//downscaling//1.0/IPSL-CM6A-LR_ssp245/2020-01-01_2100-01-01_N3//samples_IPSL-CM6A-LR_ssp245_2020-01-01_2100-01-01_0.25_log_False_bc.nc
[30mOpen file: /mnt/lustre/work/ludwig/shared_datasets/CMIP6//downscaling//1.0/IPSL-CM6A-LR_ssp245/2020-01-01_2100-01-01_N3/obs_IPSL-CM6A-LR_ssp245_2020-01-01_2100-01-01_1.0_log_False.nc
[30mLoading toa_incident_solar_radiation from toa_incident_solar_radiation/toa_2020-01-01_2099-12-31_gs0.25_tsteps116880.nc
[30mOpen file: toa_incident_solar_radiation/toa_2020-01-01_2099-12-31_gs0.25_tsteps116880.nc
[30mComputing fsr with grid step 0.25 and time steps 116880
[30mOpen file: ./variable_means//mean_forecast_surface_roughness_Germany_0.25.nc
[30mAdd units m/s to 10m_u_component_of_wind!
[30mAdd units m/s to 10m_v_component_of_wind!
[30mAdd units K to 2m_temperature!
[30mAdd units J m**-2 to surface_solar_radiation_downwards!
[30mAdd units J m**-2 to toa_incident_solar_radiation!
[30mRename 10m_u_component_of_wind to u10!
[30mRename 10m_v_component_of_wind to v10!
[30mRename 2m_temperature to temperature!
[30mRename surface_solar_radiation_downwards to ssrd!
[30mRename toa_incident_solar_radiation to tisr!
[30mRename forecast_surface_roughness to fsr!
[30mComputing capacity factors for offwind
[30mRemove single value dimension dim_0!
[30mRemove single value dimension dim_0!
[30mComputing winter capacity factors for offwind
[30mComputing capacity factors for onwind
[30mRemove single value dimension dim_0!
[30mRemove single value dimension dim_0!
[30mComputing winter capacity factors for onwind
[30mComputing capacity factors for solar
Use influx (ssrd) for direct and diffuse calculation
No albedo or outflux in dataset
Use influx (ssrd) for direct and diffuse calculation
No albedo or outflux in dataset
Use influx (ssrd) for direct and diffuse calculation
No albedo or outflux in dataset
Use influx (ssrd) for direct and diffuse calculation
No albedo or outflux in dataset
[30mRemove single value dimension dim_0!
[30mRemove single value dimension dim_0!
[30mComputing winter capacity factors for solar
[30mComputing winter capacity factors for all sources
[30mStore to /mnt/lustre/home/ludwig/fstrnad80/data/dunkelflauten//Germany/CMIP6/cf/cf_dict_IPSL-CM6A-LR_ssp245_0.25_2020-01-01_2100-01-01_bc.npy
[30mTotal size: 
   17.87 GB
[30mOpen file: /mnt/lustre/work/ludwig/shared_datasets/CMIP6//downscaling//1.0/IPSL-CM6A-LR_ssp245/2020-01-01_2100-01-01_N3//samples_IPSL-CM6A-LR_ssp245_2020-01-01_2100-01-01_0.25_log_False_bc.nc
[30mOpen file: /mnt/lustre/work/ludwig/shared_datasets/CMIP6//downscaling//1.0/IPSL-CM6A-LR_ssp245/2020-01-01_2100-01-01_N3/obs_IPSL-CM6A-LR_ssp245_2020-01-01_2100-01-01_1.0_log_False.nc
[30mLoading toa_incident_solar_radiation from toa_incident_solar_radiation/toa_2020-01-01_2099-12-31_gs1.0_tsteps29220.nc
[30mOpen file: toa_incident_solar_radiation/toa_2020-01-01_2099-12-31_gs1.0_tsteps29220.nc
[30mComputing fsr with grid step 1.0 and time steps 29220
[30mOpen file: ./variable_means//mean_forecast_surface_roughness_Germany_1.0.nc
[30mAdd units K to 2m_temperature!
[30mAdd units m/s to 10m_u_component_of_wind!
[30mAdd units m/s to 10m_v_component_of_wind!
[30mAdd units J m**-2 to surface_solar_radiation_downwards!
[30mAdd units J m**-2 to toa_incident_solar_radiation!
[30mRename 2m_temperature to temperature!
[30mRename 10m_u_component_of_wind to u10!
[30mRename 10m_v_component_of_wind to v10!
[30mRename surface_solar_radiation_downwards to ssrd!
[30mRename toa_incident_solar_radiation to tisr!
[30mRename forecast_surface_roughness to fsr!
[30mComputing capacity factors for offwind
[30mRemove single value dimension dim_0!
[30mRemove single value dimension dim_0!
[30mComputing winter capacity factors for offwind
[30mComputing capacity factors for onwind
[30mRemove single value dimension dim_0!
[30mRemove single value dimension dim_0!
[30mComputing winter capacity factors for onwind
[30mComputing capacity factors for solar
Use influx (ssrd) for direct and diffuse calculation
No albedo or outflux in dataset
Use influx (ssrd) for direct and diffuse calculation
No albedo or outflux in dataset
Use influx (ssrd) for direct and diffuse calculation
No albedo or outflux in dataset
Use influx (ssrd) for direct and diffuse calculation
No albedo or outflux in dataset
[30mRemove single value dimension dim_0!
[30mRemove single value dimension dim_0!
[30mComputing winter capacity factors for solar
[30mComputing winter capacity factors for all sources
[30mStore to /mnt/lustre/home/ludwig/fstrnad80/data/dunkelflauten//Germany/CMIP6/cf/cf_dict_IPSL-CM6A-LR_ssp245_1.0_2020-01-01_2100-01-01.npy
[30mTotal size: 
   289.22 MB
[30mFound 1 files!
[30mOpen file: /mnt/lustre/work/ludwig/shared_datasets/CMIP6//downscaling//1.0/IPSL-CM6A-LR_ssp585/2020-01-01_2100-01-01_N3//samples_IPSL-CM6A-LR_ssp585_2020-01-01_2100-01-01_0.25_log_False_bc.nc
[30mOpen file: /mnt/lustre/work/ludwig/shared_datasets/CMIP6//downscaling//1.0/IPSL-CM6A-LR_ssp585/2020-01-01_2100-01-01_N3/obs_IPSL-CM6A-LR_ssp585_2020-01-01_2100-01-01_1.0_log_False.nc
[30mLoading toa_incident_solar_radiation from toa_incident_solar_radiation/toa_2020-01-01_2099-12-31_gs0.25_tsteps116880.nc
[30mOpen file: toa_incident_solar_radiation/toa_2020-01-01_2099-12-31_gs0.25_tsteps116880.nc
[30mComputing fsr with grid step 0.25 and time steps 116880
[30mOpen file: ./variable_means//mean_forecast_surface_roughness_Germany_0.25.nc
[30mAdd units m/s to 10m_u_component_of_wind!
[30mAdd units m/s to 10m_v_component_of_wind!
[30mAdd units K to 2m_temperature!
[30mAdd units J m**-2 to surface_solar_radiation_downwards!
[30mAdd units J m**-2 to toa_incident_solar_radiation!
[30mRename 10m_u_component_of_wind to u10!
[30mRename 10m_v_component_of_wind to v10!
[30mRename 2m_temperature to temperature!
[30mRename surface_solar_radiation_downwards to ssrd!
[30mRename toa_incident_solar_radiation to tisr!
[30mRename forecast_surface_roughness to fsr!
[30mComputing capacity factors for offwind
[30mRemove single value dimension dim_0!
[30mRemove single value dimension dim_0!
[30mComputing winter capacity factors for offwind
[30mComputing capacity factors for onwind
[30mRemove single value dimension dim_0!
[30mRemove single value dimension dim_0!
[30mComputing winter capacity factors for onwind
[30mComputing capacity factors for solar
Use influx (ssrd) for direct and diffuse calculation
No albedo or outflux in dataset
Use influx (ssrd) for direct and diffuse calculation
No albedo or outflux in dataset
Use influx (ssrd) for direct and diffuse calculation
No albedo or outflux in dataset
Use influx (ssrd) for direct and diffuse calculation
No albedo or outflux in dataset
[30mRemove single value dimension dim_0!
[30mRemove single value dimension dim_0!
[30mComputing winter capacity factors for solar
[30mComputing winter capacity factors for all sources
[30mStore to /mnt/lustre/home/ludwig/fstrnad80/data/dunkelflauten//Germany/CMIP6/cf/cf_dict_IPSL-CM6A-LR_ssp585_0.25_2020-01-01_2100-01-01_bc.npy
[30mTotal size: 
   17.87 GB
[30mOpen file: /mnt/lustre/work/ludwig/shared_datasets/CMIP6//downscaling//1.0/IPSL-CM6A-LR_ssp585/2020-01-01_2100-01-01_N3//samples_IPSL-CM6A-LR_ssp585_2020-01-01_2100-01-01_0.25_log_False_bc.nc
[30mOpen file: /mnt/lustre/work/ludwig/shared_datasets/CMIP6//downscaling//1.0/IPSL-CM6A-LR_ssp585/2020-01-01_2100-01-01_N3/obs_IPSL-CM6A-LR_ssp585_2020-01-01_2100-01-01_1.0_log_False.nc
[30mLoading toa_incident_solar_radiation from toa_incident_solar_radiation/toa_2020-01-01_2099-12-31_gs1.0_tsteps29220.nc
[30mOpen file: toa_incident_solar_radiation/toa_2020-01-01_2099-12-31_gs1.0_tsteps29220.nc
[30mComputing fsr with grid step 1.0 and time steps 29220
[30mOpen file: ./variable_means//mean_forecast_surface_roughness_Germany_1.0.nc
[30mAdd units K to 2m_temperature!
[30mAdd units m/s to 10m_u_component_of_wind!
[30mAdd units m/s to 10m_v_component_of_wind!
[30mAdd units J m**-2 to surface_solar_radiation_downwards!
[30mAdd units J m**-2 to toa_incident_solar_radiation!
[30mRename 2m_temperature to temperature!
[30mRename 10m_u_component_of_wind to u10!
[30mRename 10m_v_component_of_wind to v10!
[30mRename surface_solar_radiation_downwards to ssrd!
[30mRename toa_incident_solar_radiation to tisr!
[30mRename forecast_surface_roughness to fsr!
[30mComputing capacity factors for offwind
[30mRemove single value dimension dim_0!
[30mRemove single value dimension dim_0!
[30mComputing winter capacity factors for offwind
[30mComputing capacity factors for onwind
[30mRemove single value dimension dim_0!
[30mRemove single value dimension dim_0!
[30mComputing winter capacity factors for onwind
[30mComputing capacity factors for solar
Use influx (ssrd) for direct and diffuse calculation
No albedo or outflux in dataset
Use influx (ssrd) for direct and diffuse calculation
No albedo or outflux in dataset
Use influx (ssrd) for direct and diffuse calculation
No albedo or outflux in dataset
Use influx (ssrd) for direct and diffuse calculation
No albedo or outflux in dataset
[30mRemove single value dimension dim_0!
[30mRemove single value dimension dim_0!
[30mComputing winter capacity factors for solar
[30mComputing winter capacity factors for all sources
[30mStore to /mnt/lustre/home/ludwig/fstrnad80/data/dunkelflauten//Germany/CMIP6/cf/cf_dict_IPSL-CM6A-LR_ssp585_1.0_2020-01-01_2100-01-01.npy
[30mTotal size: 
   289.22 MB
[30mFound 1 files!
[30mOpen file: /mnt/lustre/work/ludwig/shared_datasets/CMIP6//downscaling//1.0/CanESM5_historical/1980-01-01_2015-01-01_N3//samples_CanESM5_historical_1980-01-01_2015-01-01_0.25_log_False_bc.nc
[30mOpen file: /mnt/lustre/work/ludwig/shared_datasets/CMIP6//downscaling//1.0/CanESM5_historical/1980-01-01_2015-01-01_N3/obs_CanESM5_historical_1980-01-01_2015-01-01_1.0_log_False.nc
[30mLoading toa_incident_solar_radiation from toa_incident_solar_radiation/toa_1980-01-01_2014-12-30_gs0.25_tsteps51096.nc
[30mOpen file: toa_incident_solar_radiation/toa_1980-01-01_2014-12-30_gs0.25_tsteps51096.nc
[30mComputing fsr with grid step 0.25 and time steps 51096
[30mOpen file: ./variable_means//mean_forecast_surface_roughness_Germany_0.25.nc
[30mAdd units m/s to 10m_u_component_of_wind!
[30mAdd units m/s to 10m_v_component_of_wind!
[30mAdd units K to 2m_temperature!
[30mAdd units J m**-2 to surface_solar_radiation_downwards!
[30mAdd units J m**-2 to toa_incident_solar_radiation!
[30mRename 10m_u_component_of_wind to u10!
[30mRename 10m_v_component_of_wind to v10!
[30mRename 2m_temperature to temperature!
[30mRename surface_solar_radiation_downwards to ssrd!
[30mRename toa_incident_solar_radiation to tisr!
[30mRename forecast_surface_roughness to fsr!
[30mComputing capacity factors for offwind
[30mRemove single value dimension dim_0!
[30mRemove single value dimension dim_0!
[30mComputing winter capacity factors for offwind
[30mComputing capacity factors for onwind
[30mRemove single value dimension dim_0!
[30mRemove single value dimension dim_0!
[30mComputing winter capacity factors for onwind
[30mComputing capacity factors for solar
Use influx (ssrd) for direct and diffuse calculation
No albedo or outflux in dataset
Use influx (ssrd) for direct and diffuse calculation
No albedo or outflux in dataset
Use influx (ssrd) for direct and diffuse calculation
No albedo or outflux in dataset
Use influx (ssrd) for direct and diffuse calculation
No albedo or outflux in dataset
[30mRemove single value dimension dim_0!
[30mRemove single value dimension dim_0!
[30mComputing winter capacity factors for solar
[30mComputing winter capacity factors for all sources
[30mStore to /mnt/lustre/home/ludwig/fstrnad80/data/dunkelflauten//Germany/CMIP6/cf/cf_dict_CanESM5_historical_0.25_1980-01-01_2015-01-01_bc.npy
[30mTotal size: 
   7.82 GB
[30mOpen file: /mnt/lustre/work/ludwig/shared_datasets/CMIP6//downscaling//1.0/CanESM5_historical/1980-01-01_2015-01-01_N3//samples_CanESM5_historical_1980-01-01_2015-01-01_0.25_log_False_bc.nc
[30mOpen file: /mnt/lustre/work/ludwig/shared_datasets/CMIP6//downscaling//1.0/CanESM5_historical/1980-01-01_2015-01-01_N3/obs_CanESM5_historical_1980-01-01_2015-01-01_1.0_log_False.nc
[30mLoading toa_incident_solar_radiation from toa_incident_solar_radiation/toa_1980-01-01_2014-12-30_gs1.0_tsteps12774.nc
[30mOpen file: toa_incident_solar_radiation/toa_1980-01-01_2014-12-30_gs1.0_tsteps12774.nc
[30mComputing fsr with grid step 1.0 and time steps 12774
[30mOpen file: ./variable_means//mean_forecast_surface_roughness_Germany_1.0.nc
[30mAdd units K to 2m_temperature!
[30mAdd units m/s to 10m_u_component_of_wind!
[30mAdd units m/s to 10m_v_component_of_wind!
[30mAdd units J m**-2 to surface_solar_radiation_downwards!
[30mAdd units J m**-2 to toa_incident_solar_radiation!
[30mRename 2m_temperature to temperature!
[30mRename 10m_u_component_of_wind to u10!
[30mRename 10m_v_component_of_wind to v10!
[30mRename surface_solar_radiation_downwards to ssrd!
[30mRename toa_incident_solar_radiation to tisr!
[30mRename forecast_surface_roughness to fsr!
[30mComputing capacity factors for offwind
[30mRemove single value dimension dim_0!
[30mRemove single value dimension dim_0!
[30mComputing winter capacity factors for offwind
[30mComputing capacity factors for onwind
[30mRemove single value dimension dim_0!
[30mRemove single value dimension dim_0!
[30mComputing winter capacity factors for onwind
[30mComputing capacity factors for solar
Use influx (ssrd) for direct and diffuse calculation
No albedo or outflux in dataset
Use influx (ssrd) for direct and diffuse calculation
No albedo or outflux in dataset
Use influx (ssrd) for direct and diffuse calculation
No albedo or outflux in dataset
Use influx (ssrd) for direct and diffuse calculation
No albedo or outflux in dataset
[30mRemove single value dimension dim_0!
[30mRemove single value dimension dim_0!
[30mComputing winter capacity factors for solar
[30mComputing winter capacity factors for all sources
[30mStore to /mnt/lustre/home/ludwig/fstrnad80/data/dunkelflauten//Germany/CMIP6/cf/cf_dict_CanESM5_historical_1.0_1980-01-01_2015-01-01.npy
[30mTotal size: 
   126.50 MB
[30mFound 1 files!
[30mOpen file: /mnt/lustre/work/ludwig/shared_datasets/CMIP6//downscaling//1.0/CanESM5_ssp245/2020-01-01_2100-01-01_N3//samples_CanESM5_ssp245_2020-01-01_2100-01-01_0.25_log_False_bc.nc
[30mOpen file: /mnt/lustre/work/ludwig/shared_datasets/CMIP6//downscaling//1.0/CanESM5_ssp245/2020-01-01_2100-01-01_N3/obs_CanESM5_ssp245_2020-01-01_2100-01-01_1.0_log_False.nc
[30mLoading toa_incident_solar_radiation from toa_incident_solar_radiation/toa_2020-01-01_2099-12-31_gs0.25_tsteps116800.nc
[30mOpen file: toa_incident_solar_radiation/toa_2020-01-01_2099-12-31_gs0.25_tsteps116800.nc
[30mComputing fsr with grid step 0.25 and time steps 116800
[30mOpen file: ./variable_means//mean_forecast_surface_roughness_Germany_0.25.nc
[30mAdd units m/s to 10m_u_component_of_wind!
[30mAdd units m/s to 10m_v_component_of_wind!
[30mAdd units K to 2m_temperature!
[30mAdd units J m**-2 to surface_solar_radiation_downwards!
[30mAdd units J m**-2 to toa_incident_solar_radiation!
[30mRename 10m_u_component_of_wind to u10!
[30mRename 10m_v_component_of_wind to v10!
[30mRename 2m_temperature to temperature!
[30mRename surface_solar_radiation_downwards to ssrd!
[30mRename toa_incident_solar_radiation to tisr!
[30mRename forecast_surface_roughness to fsr!
[30mComputing capacity factors for offwind
[30mRemove single value dimension dim_0!
[30mRemove single value dimension dim_0!
[30mComputing winter capacity factors for offwind
[30mComputing capacity factors for onwind
[30mRemove single value dimension dim_0!
[30mRemove single value dimension dim_0!
[30mComputing winter capacity factors for onwind
[30mComputing capacity factors for solar
Use influx (ssrd) for direct and diffuse calculation
No albedo or outflux in dataset
Use influx (ssrd) for direct and diffuse calculation
No albedo or outflux in dataset
Use influx (ssrd) for direct and diffuse calculation
No albedo or outflux in dataset
Use influx (ssrd) for direct and diffuse calculation
No albedo or outflux in dataset
[30mRemove single value dimension dim_0!
[30mRemove single value dimension dim_0!
[30mComputing winter capacity factors for solar
[30mComputing winter capacity factors for all sources
[30mStore to /mnt/lustre/home/ludwig/fstrnad80/data/dunkelflauten//Germany/CMIP6/cf/cf_dict_CanESM5_ssp245_0.25_2020-01-01_2100-01-01_bc.npy
[30mTotal size: 
   17.87 GB
[30mOpen file: /mnt/lustre/work/ludwig/shared_datasets/CMIP6//downscaling//1.0/CanESM5_ssp245/2020-01-01_2100-01-01_N3//samples_CanESM5_ssp245_2020-01-01_2100-01-01_0.25_log_False_bc.nc
[30mOpen file: /mnt/lustre/work/ludwig/shared_datasets/CMIP6//downscaling//1.0/CanESM5_ssp245/2020-01-01_2100-01-01_N3/obs_CanESM5_ssp245_2020-01-01_2100-01-01_1.0_log_False.nc
[30mLoading toa_incident_solar_radiation from toa_incident_solar_radiation/toa_2020-01-01_2099-12-31_gs1.0_tsteps29200.nc
[30mOpen file: toa_incident_solar_radiation/toa_2020-01-01_2099-12-31_gs1.0_tsteps29200.nc
[30mComputing fsr with grid step 1.0 and time steps 29200
[30mOpen file: ./variable_means//mean_forecast_surface_roughness_Germany_1.0.nc
[30mAdd units K to 2m_temperature!
[30mAdd units m/s to 10m_u_component_of_wind!
[30mAdd units m/s to 10m_v_component_of_wind!
[30mAdd units J m**-2 to surface_solar_radiation_downwards!
[30mAdd units J m**-2 to toa_incident_solar_radiation!
[30mRename 2m_temperature to temperature!
[30mRename 10m_u_component_of_wind to u10!
[30mRename 10m_v_component_of_wind to v10!
[30mRename surface_solar_radiation_downwards to ssrd!
[30mRename toa_incident_solar_radiation to tisr!
[30mRename forecast_surface_roughness to fsr!
[30mComputing capacity factors for offwind
[30mRemove single value dimension dim_0!
[30mRemove single value dimension dim_0!
[30mComputing winter capacity factors for offwind
[30mComputing capacity factors for onwind
[30mRemove single value dimension dim_0!
[30mRemove single value dimension dim_0!
[30mComputing winter capacity factors for onwind
[30mComputing capacity factors for solar
Use influx (ssrd) for direct and diffuse calculation
No albedo or outflux in dataset
Use influx (ssrd) for direct and diffuse calculation
No albedo or outflux in dataset
Use influx (ssrd) for direct and diffuse calculation
No albedo or outflux in dataset
Use influx (ssrd) for direct and diffuse calculation
No albedo or outflux in dataset
[30mRemove single value dimension dim_0!
[30mRemove single value dimension dim_0!
[30mComputing winter capacity factors for solar
[30mComputing winter capacity factors for all sources
[30mStore to /mnt/lustre/home/ludwig/fstrnad80/data/dunkelflauten//Germany/CMIP6/cf/cf_dict_CanESM5_ssp245_1.0_2020-01-01_2100-01-01.npy
[30mTotal size: 
   289.06 MB
[30mFound 1 files!
[30mOpen file: /mnt/lustre/work/ludwig/shared_datasets/CMIP6//downscaling//1.0/CanESM5_ssp585/2020-01-01_2100-01-01_N3//samples_CanESM5_ssp585_2020-01-01_2100-01-01_0.25_log_False_bc.nc
[30mOpen file: /mnt/lustre/work/ludwig/shared_datasets/CMIP6//downscaling//1.0/CanESM5_ssp585/2020-01-01_2100-01-01_N3/obs_CanESM5_ssp585_2020-01-01_2100-01-01_1.0_log_False.nc
[30mLoading toa_incident_solar_radiation from toa_incident_solar_radiation/toa_2020-01-01_2099-12-31_gs0.25_tsteps116800.nc
[30mOpen file: toa_incident_solar_radiation/toa_2020-01-01_2099-12-31_gs0.25_tsteps116800.nc
[30mComputing fsr with grid step 0.25 and time steps 116800
[30mOpen file: ./variable_means//mean_forecast_surface_roughness_Germany_0.25.nc
[30mAdd units m/s to 10m_u_component_of_wind!
[30mAdd units m/s to 10m_v_component_of_wind!
[30mAdd units K to 2m_temperature!
[30mAdd units J m**-2 to surface_solar_radiation_downwards!
[30mAdd units J m**-2 to toa_incident_solar_radiation!
[30mRename 10m_u_component_of_wind to u10!
[30mRename 10m_v_component_of_wind to v10!
[30mRename 2m_temperature to temperature!
[30mRename surface_solar_radiation_downwards to ssrd!
[30mRename toa_incident_solar_radiation to tisr!
[30mRename forecast_surface_roughness to fsr!
[30mComputing capacity factors for offwind
[30mRemove single value dimension dim_0!
[30mRemove single value dimension dim_0!
[30mComputing winter capacity factors for offwind
[30mComputing capacity factors for onwind
[30mRemove single value dimension dim_0!
[30mRemove single value dimension dim_0!
[30mComputing winter capacity factors for onwind
[30mComputing capacity factors for solar
Use influx (ssrd) for direct and diffuse calculation
No albedo or outflux in dataset
Use influx (ssrd) for direct and diffuse calculation
No albedo or outflux in dataset
Use influx (ssrd) for direct and diffuse calculation
No albedo or outflux in dataset
Use influx (ssrd) for direct and diffuse calculation
No albedo or outflux in dataset
[30mRemove single value dimension dim_0!
[30mRemove single value dimension dim_0!
[30mComputing winter capacity factors for solar
[30mComputing winter capacity factors for all sources
[30mStore to /mnt/lustre/home/ludwig/fstrnad80/data/dunkelflauten//Germany/CMIP6/cf/cf_dict_CanESM5_ssp585_0.25_2020-01-01_2100-01-01_bc.npy
[30mTotal size: 
   17.87 GB
[30mOpen file: /mnt/lustre/work/ludwig/shared_datasets/CMIP6//downscaling//1.0/CanESM5_ssp585/2020-01-01_2100-01-01_N3//samples_CanESM5_ssp585_2020-01-01_2100-01-01_0.25_log_False_bc.nc
[30mOpen file: /mnt/lustre/work/ludwig/shared_datasets/CMIP6//downscaling//1.0/CanESM5_ssp585/2020-01-01_2100-01-01_N3/obs_CanESM5_ssp585_2020-01-01_2100-01-01_1.0_log_False.nc
[30mLoading toa_incident_solar_radiation from toa_incident_solar_radiation/toa_2020-01-01_2099-12-31_gs1.0_tsteps29200.nc
[30mOpen file: toa_incident_solar_radiation/toa_2020-01-01_2099-12-31_gs1.0_tsteps29200.nc
[30mComputing fsr with grid step 1.0 and time steps 29200
[30mOpen file: ./variable_means//mean_forecast_surface_roughness_Germany_1.0.nc
[30mAdd units K to 2m_temperature!
[30mAdd units m/s to 10m_u_component_of_wind!
[30mAdd units m/s to 10m_v_component_of_wind!
[30mAdd units J m**-2 to surface_solar_radiation_downwards!
[30mAdd units J m**-2 to toa_incident_solar_radiation!
[30mRename 2m_temperature to temperature!
[30mRename 10m_u_component_of_wind to u10!
[30mRename 10m_v_component_of_wind to v10!
[30mRename surface_solar_radiation_downwards to ssrd!
[30mRename toa_incident_solar_radiation to tisr!
[30mRename forecast_surface_roughness to fsr!
[30mComputing capacity factors for offwind
[30mRemove single value dimension dim_0!
[30mRemove single value dimension dim_0!
[30mComputing winter capacity factors for offwind
[30mComputing capacity factors for onwind
[30mRemove single value dimension dim_0!
[30mRemove single value dimension dim_0!
[30mComputing winter capacity factors for onwind
[30mComputing capacity factors for solar
Use influx (ssrd) for direct and diffuse calculation
No albedo or outflux in dataset
Use influx (ssrd) for direct and diffuse calculation
No albedo or outflux in dataset
Use influx (ssrd) for direct and diffuse calculation
No albedo or outflux in dataset
Use influx (ssrd) for direct and diffuse calculation
No albedo or outflux in dataset
[30mRemove single value dimension dim_0!
[30mRemove single value dimension dim_0!
[30mComputing winter capacity factors for solar
[30mComputing winter capacity factors for all sources
[30mStore to /mnt/lustre/home/ludwig/fstrnad80/data/dunkelflauten//Germany/CMIP6/cf/cf_dict_CanESM5_ssp585_1.0_2020-01-01_2100-01-01.npy
[30mTotal size: 
   289.06 MB
